============================= test session starts ==============================
platform linux -- Python 3.13.5, pytest-9.0.2, pluggy-1.6.0 -- /opt/pyvenv/bin/python3
cachedir: .pytest_cache
metadata: {'Python': '3.13.5', 'Platform': 'Linux-6.12.13-x86_64-with-glibc2.41', 'Packages': {'pytest': '9.0.2', 'pluggy': '1.6.0'}, 'Plugins': {'cov': '7.0.0', 'asyncio': '1.3.0', 'anyio': '4.13.0', 'ddtrace': '4.4.0', 'Faker': '40.1.2', 'json-report': '1.5.0', 'metadata': '3.1.1'}, 'PLATFORM': 'linux/amd64', 'CI': 'true'}
rootdir: /mnt/data/W-MWXT-WAVETABLE-TOOL
configfile: pyproject.toml
testpaths: tests
plugins: cov-7.0.0, asyncio-1.3.0, anyio-4.13.0, ddtrace-4.4.0, Faker-40.1.2, json-report-1.5.0, metadata-3.1.1
asyncio: mode=Mode.STRICT, debug=False, asyncio_default_fixture_loop_scope=None, asyncio_default_test_loop_scope=function
collecting ... collected 16 items

tests/test_codec.py::test_14bit_codec_boundaries PASSED                  [  6%]
tests/test_codec.py::test_byte_nibble_roundtrip PASSED                   [ 12%]
tests/test_codec.py::test_u16_nibble_roundtrip PASSED                    [ 18%]
tests/test_codec.py::test_invalid_nibble_is_rejected PASSED              [ 25%]
tests/test_identity.py::test_users_xt_identity_reply PASSED              [ 31%]
tests/test_message.py::test_synthetic_message_roundtrip PASSED           [ 37%]
tests/test_message.py::test_checksum_is_payload_sum_modulo_128 PASSED    [ 43%]
tests/test_message.py::test_corrupt_checksum_is_rejected PASSED          [ 50%]
tests/test_message.py::test_bad_framing_is_rejected PASSED               [ 56%]
tests/test_models.py::test_user_wave_roundtrip_and_reconstruction PASSED [ 62%]
tests/test_models.py::test_user_wavetable_roundtrip PASSED               [ 68%]
tests/test_models.py::test_sound_name_field PASSED                       [ 75%]
tests/test_real_dumps.py::test_all_four_real_dumps_validate_and_roundtrip PASSED [ 81%]
tests/test_real_dumps.py::test_reference_backups_are_byte_identical PASSED [ 87%]
tests/test_real_dumps.py::test_sound_addresses_and_names PASSED          [ 93%]
tests/test_real_dumps.py::test_real_user_wave_and_wavetable_ranges PASSED [100%]

============================== 16 passed in 0.14s ==============================
